This is pdfTeX, Version 3.14159265-2.6-1.40.17 (TeX Live 2016/Debian) (preloaded format=pdflatex 2017.9.15)  3 DEC 2017 13:14
entering extended mode
 restricted \write18 enabled.
 %&-line parsing enabled.
**resultados.tex
(./resultados.tex
LaTeX2e <2017/01/01> patch level 3
Babel <3.9r> and hyphenation patterns for 3 language(s) loaded.
(/usr/share/texlive/texmf-dist/tex/latex/base/article.cls
Document Class: article 2014/09/29 v1.4h Standard LaTeX document class
(/usr/share/texlive/texmf-dist/tex/latex/base/size10.clo
File: size10.clo 2014/09/29 v1.4h Standard LaTeX file (size option)
)
\c@part=\count79
\c@section=\count80
\c@subsection=\count81
\c@subsubsection=\count82
\c@paragraph=\count83
\c@subparagraph=\count84
\c@figure=\count85
\c@table=\count86
\abovecaptionskip=\skip41
\belowcaptionskip=\skip42
\bibindent=\dimen102
)
No file resultados.aux.
\openout1 = `resultados.aux'.

LaTeX Font Info:    Checking defaults for OML/cmm/m/it on input line 3.
LaTeX Font Info:    ... okay on input line 3.
LaTeX Font Info:    Checking defaults for T1/cmr/m/n on input line 3.
LaTeX Font Info:    ... okay on input line 3.
LaTeX Font Info:    Checking defaults for OT1/cmr/m/n on input line 3.
LaTeX Font Info:    ... okay on input line 3.
LaTeX Font Info:    Checking defaults for OMS/cmsy/m/n on input line 3.
LaTeX Font Info:    ... okay on input line 3.
LaTeX Font Info:    Checking defaults for OMX/cmex/m/n on input line 3.
LaTeX Font Info:    ... okay on input line 3.
LaTeX Font Info:    Checking defaults for U/cmr/m/n on input line 3.
LaTeX Font Info:    ... okay on input line 3.
Missing character: There is no Ã in font cmr10!
Missing character: There is no ³ in font cmr10!
Missing character: There is no Ã in font cmr10!
Missing character: There is no ³ in font cmr10!
Missing character: There is no Ã in font cmr10!
Missing character: There is no ³ in font cmr10!
Missing character: There is no Ã in font cmr10!
Missing character: There is no ³ in font cmr10!
Missing character: There is no Ã in font cmr10!
Missing character: There is no ³ in font cmr10!
Missing character: There is no Ã in font cmr10!
Missing character: There is no ³ in font cmr10!
Missing character: There is no Ã in font cmr10!
Missing character: There is no ³ in font cmr10!
Missing character: There is no Ã in font cmr10!
Missing character: There is no º in font cmr10!
Missing character: There is no Ã in font cmr10!
Missing character: There is no ­ in font cmr10!
Missing character: There is no Ã in font cmr10!
Missing character: There is no © in font cmr10!
Missing character: There is no Ã in font cmr10!
Missing character: There is no ³ in font cmr10!
Missing character: There is no Ã in font cmr10!
Missing character: There is no º in font cmr10!
Missing character: There is no Ã in font cmr10!
Missing character: There is no © in font cmr10!
Missing character: There is no Ã in font cmr10!
Missing character: There is no ­ in font cmr10!
Missing character: There is no Ã in font cmr10!
Missing character: There is no ¡ in font cmr10!
Missing character: There is no Ã in font cmr10!
Missing character: There is no © in font cmr10!
Missing character: There is no Ã in font cmr10!
Missing character: There is no ³ in font cmr10!
Missing character: There is no Ã in font cmr10!
Missing character: There is no ¡ in font cmr10!
Missing character: There is no Ã in font cmr10!
Missing character: There is no ³ in font cmr10!
Missing character: There is no Ã in font cmr10!
Missing character: There is no ³ in font cmr10!
Missing character: There is no Ã in font cmr10!
Missing character: There is no ³ in font cmr10!
Missing character: There is no Ã in font cmr10!
Missing character: There is no ­ in font cmr10!
Missing character: There is no Ã in font cmr10!
Missing character: There is no ¡ in font cmr10!
Missing character: There is no Ã in font cmr10!
Missing character: There is no ³ in font cmr10!
Missing character: There is no Ã in font cmr10!
Missing character: There is no ­ in font cmr10!
Missing character: There is no Ã in font cmr10!
Missing character: There is no © in font cmr10!
Missing character: There is no Ã in font cmr10!
Missing character: There is no ³ in font cmr10!
Missing character: There is no Ã in font cmr10!
Missing character: There is no ³ in font cmr10!
Missing character: There is no Ã in font cmr10!
Missing character: There is no ­ in font cmr10!
Missing character: There is no Ã in font cmr10!
Missing character: There is no ³ in font cmr10!
Missing character: There is no Ã in font cmr10!
Missing character: There is no ³ in font cmr10!
Missing character: There is no Ã in font cmr10!
Missing character: There is no ³ in font cmr10!
Missing character: There is no Ã in font cmr10!
Missing character: There is no ­ in font cmr10!
Missing character: There is no Ã in font cmr10!
Missing character: There is no ¡ in font cmr10!
Missing character: There is no Ã in font cmr10!
Missing character: There is no ­ in font cmr10!
Missing character: There is no Ã in font cmr10!
Missing character: There is no º in font cmr10!
Missing character: There is no Ã in font cmr10!
Missing character: There is no ³ in font cmr10!
Missing character: There is no Ã in font cmr10!
Missing character: There is no ³ in font cmr10!
Missing character: There is no Ã in font cmr10!
Missing character: There is no ­ in font cmr10!
Missing character: There is no Ã in font cmr10!
Missing character: There is no ­ in font cmr10!
Missing character: There is no Ã in font cmr10!
Missing character: There is no ­ in font cmr10!
Missing character: There is no Ã in font cmr10!
Missing character: There is no ­ in font cmr10!
Missing character: There is no Ã in font cmr10!
Missing character: There is no ³ in font cmr10!
Missing character: There is no Ã in font cmr10!
Missing character: There is no ­ in font cmr10!
Missing character: There is no Ã in font cmr10!
Missing character: There is no © in font cmr10!
Missing character: There is no Ã in font cmr10!
Missing character: There is no ­ in font cmr10!
Missing character: There is no Ã in font cmr10!
Missing character: There is no ³ in font cmr10!
LaTeX Font Info:    External font `cmex10' loaded for size
(Font)              <7> on input line 15.
LaTeX Font Info:    External font `cmex10' loaded for size
(Font)              <5> on input line 15.
LaTeX Font Info:    External font `cmex10' loaded for size
(Font)              <8> on input line 15.
LaTeX Font Info:    External font `cmex10' loaded for size
(Font)              <6> on input line 15.
Missing character: There is no Ã in font cmr8!
Missing character: There is no ³ in font cmr8!
Missing character: There is no Ã in font cmr8!
Missing character: There is no º in font cmr8!
[1

{/var/lib/texmf/fonts/map/pdftex/updmap/pdftex.map}] (./resultados.aux) ) 
Here is how much of TeX's memory you used:
 219 strings out of 494945
 2362 string characters out of 6181032
 51493 words of memory out of 5000000
 3594 multiletter control sequences out of 15000+600000
 6068 words of font info for 22 fonts, out of 8000000 for 9000
 14 hyphenation exceptions out of 8191
 24i,8n,17p,1627b,148s stack positions out of 5000i,500n,10000p,200000b,80000s
</usr/
share/texlive/texmf-dist/fonts/type1/public/amsfonts/cm/cmbx12.pfb></usr/share/
texlive/texmf-dist/fonts/type1/public/amsfonts/cm/cmr10.pfb></usr/share/texlive
/texmf-dist/fonts/type1/public/amsfonts/cm/cmr6.pfb></usr/share/texlive/texmf-d
ist/fonts/type1/public/amsfonts/cm/cmr7.pfb></usr/share/texlive/texmf-dist/font
s/type1/public/amsfonts/cm/cmr8.pfb>
Output written on resultados.pdf (1 page, 56621 bytes).
PDF statistics:
 28 PDF objects out of 1000 (max. 8388607)
 19 compressed objects within 1 object stream
 0 named destinations out of 1000 (max. 500000)
 1 words of extra memory for PDF output out of 10000 (max. 10000000)

